[edwardskeletrix.com/index.html]
[backblue.gif]
[fade.gif]
[index.html]
[edwardskeletrix.com/assets/webp/favicon.webp]
[edwardskeletrix.com/theme.css]
[edwardskeletrix.com/assets/webp/garments_2.webp]
[edwardskeletrix.com/assets/webp/hubert_menu.webp]
[edwardskeletrix.com/assets/webp/banner.webp]
[edwardskeletrix.com/index.html]
[edwardskeletrix.com/index-2.html]
[edwardskeletrix.com/assets/font.woff2]
[edwardskeletrix.com/assets/webp/sk_island.webp]
[edwardskeletrix.com/assets/webp/garments_1.webp]
[edwardskeletrix.com/assets/webp/music_1.webp]
[edwardskeletrix.com/assets/webp/music_2.webp]
[edwardskeletrix.com/assets/webp/soundcloud_2.webp]
[edwardskeletrix.com/assets/webp/apple_music_1.webp]
[edwardskeletrix.com/assets/webp/apple_music_2.webp]
[edwardskeletrix.com/assets/webp/spotify_1.webp]
[edwardskeletrix.com/assets/webp/spotify_2.webp]
[edwardskeletrix.com/assets/webp/photography_1.webp]
[edwardskeletrix.com/assets/webp/photography_2.webp]
[edwardskeletrix.com/assets/webp/paintings_1.webp]
[edwardskeletrix.com/assets/webp/paintings_2.webp]
[edwardskeletrix.com/assets/webp/furniture_1.webp]
[edwardskeletrix.com/assets/webp/furniture_2.webp]
[edwardskeletrix.com/assets/webp/videography_1.webp]
[edwardskeletrix.com/assets/webp/videography_2.webp]
[edwardskeletrix.com/assets/webp/instagram_1.webp]
[edwardskeletrix.com/assets/webp/instagram_2.webp]
[edwardskeletrix.com/assets/webp/twitter_1.webp]
[edwardskeletrix.com/assets/webp/twitter_2.webp]
[edwardskeletrix.com/assets/webp/youtube_1.webp]
[edwardskeletrix.com/assets/header.png]
[edwardskeletrix.com/assets/webp/youtube_2.webp]
[edwardskeletrix.com/assets/webp/discord_1.webp]
[edwardskeletrix.com/assets/webp/discord_2.webp]
[edwardskeletrix.com/theme.css]
[edwardskeletrix.com/index-2.html]
